[2022-10-14 14:35:50,873] INFO [search_product:73] search,user_id:aaa,search_title:하이힐,date:2022-10-14 14:35:50
[2022-10-14 14:35:50,873] INFO [search_product:73] search,user_id:aaa,search_title:아디다스,date:2022-10-14 14:35:50
[2022-10-14 14:37:04,036] INFO [search_product:74] search,user_id:aaa,search_title:아디다스,date:2022-10-14 14:37:04
[2022-10-14 14:37:27,080] INFO [search_product:74] search,user_id:aaa,search_title:아디다스,date:2022-10-14 14:37:27
[2022-10-14 14:37:39,128] INFO [search_product:74] search,user_id:aaa,search_title:아디다스,date:2022-10-14 14:37:39
[2022-10-14 14:37:43,748] INFO [search_product:74] search,user_id:aaa,search_title:아디다스,date:2022-10-14 14:37:43
[2022-10-14 14:38:58,635] INFO [search_product:73] search,user_id:aaa,search_title:아디다스,date:2022-10-14 14:38:58
[2022-10-14 14:41:04,690] INFO [search_product:73] search,user_id:aaa,search_title:나이키 반바지,date:2022-10-14 14:41:04
[2022-10-14 14:41:08,521] INFO [search_product:73] search,user_id:aaa,search_title:나이키 반바지,date:2022-10-14 14:41:08
[2022-10-14 16:53:08,609] INFO [search_product:73] search,user_id:aaa,search_title:나이키 반바지,date:2022-10-14 16:53:08
[2022-10-14 17:29:11,231] INFO [search_product:74] search,user_id:aaa,search_title:아디다스,date:2022-10-14 17:29:11
[2022-10-14 20:23:33,641] INFO [search_product:74] search,user_id:aaa,search_title:긴바지,date:2022-10-14 20:23:33
[2022-10-14 20:23:36,127] INFO [search_product:74] search,user_id:aaa,search_title:아우터,date:2022-10-14 20:23:36
[2022-10-14 20:23:37,876] INFO [search_product:74] search,user_id:aaa,search_title:파카,date:2022-10-14 20:23:37
[2022-10-14 20:24:31,864] INFO [search_product:74] search,user_id:aaa,search_title:반바지,date:2022-10-14 20:24:31
[2022-10-14 20:24:35,315] INFO [search_product:74] search,user_id:aaa,search_title:아우터,date:2022-10-14 20:24:35
[2022-10-14 20:24:40,984] INFO [search_product:74] search,user_id:aaa,search_title:기모바지,date:2022-10-14 20:24:40
[2022-10-14 20:24:51,570] INFO [search_product:74] search,user_id:aaa,search_title:기모티,date:2022-10-14 20:24:51
[2022-10-14 20:24:59,630] INFO [search_product:74] search,user_id:aaa,search_title:기모티,date:2022-10-14 20:24:59
[2022-10-14 20:25:47,372] INFO [search_product:74] search,user_id:aaa,search_title:아디다스,date:2022-10-14 20:25:47
[2022-10-14 20:25:50,434] INFO [search_product:74] search,user_id:aaa,search_title:나이키,date:2022-10-14 20:25:50
[2022-10-14 20:25:52,924] INFO [search_product:74] search,user_id:aaa,search_title:무지,date:2022-10-14 20:25:52
[2022-10-14 20:25:56,439] INFO [search_product:74] search,user_id:aaa,search_title:무지,date:2022-10-14 20:25:56
[2022-10-14 20:25:56,790] INFO [search_product:74] search,user_id:aaa,search_title:무지,date:2022-10-14 20:25:56
[2022-10-14 20:25:57,125] INFO [search_product:74] search,user_id:aaa,search_title:무지,date:2022-10-14 20:25:57
[2022-10-14 20:25:57,413] INFO [search_product:74] search,user_id:aaa,search_title:무지,date:2022-10-14 20:25:57
[2022-10-14 20:25:57,770] INFO [search_product:74] search,user_id:aaa,search_title:무지,date:2022-10-14 20:25:57
[2022-10-14 20:25:58,085] INFO [search_product:74] search,user_id:aaa,search_title:무지,date:2022-10-14 20:25:58
[2022-10-14 20:26:20,546] INFO [search_product:74] search,user_id:aaa,search_title:반팔티,date:2022-10-14 20:26:20
[2022-10-14 20:26:27,944] INFO [search_product:74] search,user_id:aaa,search_title:반팔티,date:2022-10-14 20:26:27
[2022-10-14 20:26:32,722] INFO [search_product:74] search,user_id:aaa,search_title:패딩,date:2022-10-14 20:26:32
[2022-10-19 09:04:46,094] INFO [search_product:73] search,user_id:aaa,search_title:404,date:2022-10-19 09:04:46
[2022-10-19 09:08:35,605] INFO [search_product:73] search,user_id:sex1,search_title:404,date:2022-10-19 09:08:35
[2022-10-19 09:08:42,555] INFO [search_product:73] search,user_id:sex1,search_title:404,date:2022-10-19 09:08:42
[2022-10-19 09:09:01,999] INFO [search_product:73] search,user_id:sex1,search_title:404,date:2022-10-19 09:09:01
[2022-10-19 09:09:49,546] INFO [search_product:73] search,user_id:ham,search_title:404,date:2022-10-19 09:09:49
[2022-10-19 09:11:00,556] INFO [search_product:73] search,user_id:jk,search_title:404,date:2022-10-19 09:11:00
[2022-10-19 09:11:13,888] INFO [search_product:73] search,user_id:jk,search_title:404,date:2022-10-19 09:11:13
[2022-10-19 09:11:43,826] INFO [search_product:73] search,user_id:bbb,search_title:404,date:2022-10-19 09:11:43
[2022-10-19 09:16:45,846] INFO [search_product:73] search,user_id:ccc,search_title:404,date:2022-10-19 09:16:45
[2022-10-19 09:18:44,621] INFO [search_product:73] search,user_id:k,search_title:404,date:2022-10-19 09:18:44
[2022-10-19 09:18:52,456] INFO [search_product:73] search,user_id:k,search_title:아디다스,date:2022-10-19 09:18:52
[2022-10-19 09:20:25,127] INFO [search_product:73] search,user_id:ruru,search_title:4040,date:2022-10-19 09:20:25
[2022-10-19 09:20:28,678] INFO [search_product:73] search,user_id:ruru,search_title:404,date:2022-10-19 09:20:28
[2022-10-19 09:23:54,957] INFO [search_product:73] search,user_id:ddd,search_title:404,date:2022-10-19 09:23:54
[2022-10-19 09:25:45,230] INFO [search_product:73] search,user_id:www,search_title:404,date:2022-10-19 09:25:45
[2022-10-19 09:25:49,995] INFO [search_product:73] search,user_id:www,search_title:캉골,date:2022-10-19 09:25:49
[2022-10-19 09:25:55,073] INFO [search_product:73] search,user_id:www,search_title:아디다스,date:2022-10-19 09:25:55
[2022-10-19 09:25:58,664] INFO [search_product:73] search,user_id:www,search_title:캉골,date:2022-10-19 09:25:58
[2022-10-19 09:26:03,787] INFO [search_product:73] search,user_id:www,search_title:아디다스,date:2022-10-19 09:26:03
[2022-10-19 09:26:29,910] INFO [search_product:73] search,user_id:dodo,search_title:404,date:2022-10-19 09:26:29
[2022-10-19 09:30:12,824] INFO [search_product:73] search,user_id:wo1,search_title:404,date:2022-10-19 09:30:12
[2022-10-19 09:30:17,902] INFO [search_product:73] search,user_id:wo1,search_title:캉골,date:2022-10-19 09:30:17
[2022-10-19 09:32:38,368] INFO [search_product:73] search,user_id:eee,search_title:어,date:2022-10-19 09:32:38
[2022-10-19 09:33:03,409] INFO [search_product:73] search,user_id:bye,search_title:금지,date:2022-10-19 09:33:03
[2022-10-19 09:34:45,516] INFO [search_product:73] search,user_id:wo1,search_title:어,date:2022-10-19 09:34:45
[2022-10-19 09:34:50,196] INFO [search_product:73] search,user_id:wo1,search_title:어금지,date:2022-10-19 09:34:50
[2022-10-19 09:34:53,275] INFO [search_product:73] search,user_id:wo1,search_title:어금지,date:2022-10-19 09:34:53
[2022-10-19 09:35:01,074] INFO [search_product:73] search,user_id:wo1,search_title:어?금지티,date:2022-10-19 09:35:01
[2022-10-19 09:35:03,529] INFO [search_product:73] search,user_id:wo1,search_title:금지,date:2022-10-19 09:35:03
[2022-10-19 09:39:07,284] INFO [search_product:73] search,user_id:fff,search_title:어,date:2022-10-19 09:39:07
[2022-10-19 09:40:05,690] INFO [search_product:73] search,user_id:q,search_title:어?금지티,date:2022-10-19 09:40:05
[2022-10-19 09:40:09,070] INFO [search_product:73] search,user_id:q,search_title:어,date:2022-10-19 09:40:09
[2022-10-19 09:40:11,762] INFO [search_product:73] search,user_id:q,search_title:어?,date:2022-10-19 09:40:11
[2022-10-19 09:40:51,439] INFO [search_product:73] search,user_id:gion,search_title:금지,date:2022-10-19 09:40:51
[2022-10-19 09:41:06,400] INFO [search_product:73] search,user_id:gion,search_title:404,date:2022-10-19 09:41:06
[2022-10-19 09:41:21,490] INFO [search_product:73] search,user_id:fff,search_title:404,date:2022-10-19 09:41:21
[2022-10-19 09:41:22,614] INFO [search_product:73] search,user_id:fff,search_title:404,date:2022-10-19 09:41:22
[2022-10-19 09:41:22,772] INFO [search_product:73] search,user_id:fff,search_title:404,date:2022-10-19 09:41:22
[2022-10-19 09:41:22,928] INFO [search_product:73] search,user_id:fff,search_title:404,date:2022-10-19 09:41:22
[2022-10-19 09:41:23,085] INFO [search_product:73] search,user_id:fff,search_title:404,date:2022-10-19 09:41:23
[2022-10-19 09:41:23,243] INFO [search_product:73] search,user_id:fff,search_title:404,date:2022-10-19 09:41:23
[2022-10-19 09:41:23,407] INFO [search_product:73] search,user_id:fff,search_title:404,date:2022-10-19 09:41:23
[2022-10-19 09:41:23,570] INFO [search_product:73] search,user_id:fff,search_title:404,date:2022-10-19 09:41:23
[2022-10-19 09:41:23,735] INFO [search_product:73] search,user_id:fff,search_title:404,date:2022-10-19 09:41:23
[2022-10-19 09:41:23,897] INFO [search_product:73] search,user_id:fff,search_title:404,date:2022-10-19 09:41:23
[2022-10-19 09:41:24,064] INFO [search_product:73] search,user_id:fff,search_title:404,date:2022-10-19 09:41:24
[2022-10-19 09:41:24,216] INFO [search_product:73] search,user_id:fff,search_title:404,date:2022-10-19 09:41:24
[2022-10-19 09:41:24,379] INFO [search_product:73] search,user_id:fff,search_title:404,date:2022-10-19 09:41:24
[2022-10-19 09:41:24,549] INFO [search_product:73] search,user_id:fff,search_title:404,date:2022-10-19 09:41:24
[2022-10-19 09:41:24,716] INFO [search_product:73] search,user_id:fff,search_title:404,date:2022-10-19 09:41:24
[2022-10-19 09:41:24,888] INFO [search_product:73] search,user_id:fff,search_title:404,date:2022-10-19 09:41:24
[2022-10-19 09:41:25,030] INFO [search_product:73] search,user_id:fff,search_title:404,date:2022-10-19 09:41:25
[2022-10-19 09:41:25,184] INFO [search_product:73] search,user_id:fff,search_title:404,date:2022-10-19 09:41:25
[2022-10-19 09:41:25,354] INFO [search_product:73] search,user_id:fff,search_title:404,date:2022-10-19 09:41:25
[2022-10-19 09:41:25,501] INFO [search_product:73] search,user_id:fff,search_title:404,date:2022-10-19 09:41:25
[2022-10-19 09:41:25,659] INFO [search_product:73] search,user_id:fff,search_title:404,date:2022-10-19 09:41:25
[2022-10-19 09:41:25,821] INFO [search_product:73] search,user_id:fff,search_title:404,date:2022-10-19 09:41:25
[2022-10-19 09:41:25,993] INFO [search_product:73] search,user_id:fff,search_title:404,date:2022-10-19 09:41:25
[2022-10-19 09:41:26,167] INFO [search_product:73] search,user_id:fff,search_title:404,date:2022-10-19 09:41:26
[2022-10-19 09:41:26,341] INFO [search_product:73] search,user_id:fff,search_title:404,date:2022-10-19 09:41:26
[2022-10-19 09:41:26,496] INFO [search_product:73] search,user_id:fff,search_title:404,date:2022-10-19 09:41:26
[2022-10-19 09:41:26,662] INFO [search_product:73] search,user_id:fff,search_title:404,date:2022-10-19 09:41:26
[2022-10-19 09:41:26,828] INFO [search_product:73] search,user_id:fff,search_title:404,date:2022-10-19 09:41:26
[2022-10-19 09:41:29,201] INFO [search_product:73] search,user_id:fff,search_title:404,date:2022-10-19 09:41:29
[2022-10-19 09:41:29,363] INFO [search_product:73] search,user_id:fff,search_title:404,date:2022-10-19 09:41:29
[2022-10-19 09:41:29,525] INFO [search_product:73] search,user_id:fff,search_title:404,date:2022-10-19 09:41:29
[2022-10-19 09:41:29,697] INFO [search_product:73] search,user_id:fff,search_title:404,date:2022-10-19 09:41:29
[2022-10-19 09:41:29,856] INFO [search_product:73] search,user_id:fff,search_title:404,date:2022-10-19 09:41:29
[2022-10-19 09:41:30,016] INFO [search_product:73] search,user_id:fff,search_title:404,date:2022-10-19 09:41:30
[2022-10-19 09:41:30,177] INFO [search_product:73] search,user_id:fff,search_title:404,date:2022-10-19 09:41:30
[2022-10-19 09:41:30,348] INFO [search_product:73] search,user_id:fff,search_title:404,date:2022-10-19 09:41:30
[2022-10-19 09:41:30,518] INFO [search_product:73] search,user_id:fff,search_title:404,date:2022-10-19 09:41:30
[2022-10-19 09:41:35,573] INFO [search_product:73] search,user_id:gion,search_title:404,date:2022-10-19 09:41:35
[2022-10-19 09:46:50,932] INFO [search_product:73] search,user_id:ggg,search_title:404,date:2022-10-19 09:46:50
[2022-10-19 09:46:58,187] INFO [search_product:73] search,user_id:ggg,search_title:어,date:2022-10-19 09:46:58
[2022-10-19 09:47:07,616] INFO [search_product:73] search,user_id:qw,search_title:404,date:2022-10-19 09:47:07
[2022-10-19 09:49:43,516] INFO [search_product:73] search,user_id:ondo,search_title:금지,date:2022-10-19 09:49:43
[2022-10-19 09:53:07,326] INFO [search_product:73] search,user_id:qw,search_title:404,date:2022-10-19 09:53:07
[2022-10-19 09:54:18,546] INFO [search_product:73] search,user_id:hhh,search_title:404,date:2022-10-19 09:54:18
[2022-10-19 09:54:25,367] INFO [search_product:73] search,user_id:hhh,search_title:어,date:2022-10-19 09:54:25
[2022-10-19 09:54:34,154] INFO [search_product:73] search,user_id:hhh,search_title:캉골,date:2022-10-19 09:54:34
[2022-10-19 09:54:55,015] INFO [search_product:73] search,user_id:qwer,search_title:캉골,date:2022-10-19 09:54:55
[2022-10-19 09:54:59,134] INFO [search_product:73] search,user_id:qwer,search_title:404,date:2022-10-19 09:54:59
[2022-10-19 09:55:05,923] INFO [search_product:73] search,user_id:qwer,search_title:어,date:2022-10-19 09:55:05
[2022-10-19 09:57:31,724] INFO [search_product:73] search,user_id:toto,search_title:금지,date:2022-10-19 09:57:31
[2022-10-19 09:57:40,192] INFO [search_product:73] search,user_id:toto,search_title:4040,date:2022-10-19 09:57:40
[2022-10-19 09:57:42,782] INFO [search_product:73] search,user_id:toto,search_title:404,date:2022-10-19 09:57:42
[2022-10-19 10:00:01,099] INFO [search_product:73] search,user_id:qwe,search_title:404,date:2022-10-19 10:00:01
[2022-10-19 10:00:02,751] INFO [search_product:73] search,user_id:iii,search_title:404,date:2022-10-19 10:00:02
[2022-10-19 10:00:09,421] INFO [search_product:73] search,user_id:qwe,search_title:어,date:2022-10-19 10:00:09
[2022-10-19 10:00:13,549] INFO [search_product:73] search,user_id:iii,search_title:금지,date:2022-10-19 10:00:13
[2022-10-19 10:05:29,390] INFO [search_product:73] search,user_id:wer,search_title:404,date:2022-10-19 10:05:29
[2022-10-19 10:05:32,989] INFO [search_product:73] search,user_id:wer,search_title:어,date:2022-10-19 10:05:32
[2022-10-19 10:05:35,844] INFO [search_product:73] search,user_id:wer,search_title:어,date:2022-10-19 10:05:35
[2022-10-19 10:05:37,382] INFO [search_product:73] search,user_id:wer,search_title:404,date:2022-10-19 10:05:37
[2022-10-19 10:05:38,738] INFO [search_product:73] search,user_id:wer,search_title:404,date:2022-10-19 10:05:38
[2022-10-19 10:05:39,758] INFO [search_product:73] search,user_id:wer,search_title:어,date:2022-10-19 10:05:39
[2022-10-19 10:06:08,381] INFO [search_product:73] search,user_id:iii,search_title:404,date:2022-10-19 10:06:08
[2022-10-19 10:10:15,836] INFO [search_product:73] search,user_id:iii,search_title:금지,date:2022-10-19 10:10:15
[2022-10-19 10:22:04,996] INFO [search_product:73] search,user_id:yang,search_title:어,date:2022-10-19 10:22:04
[2022-10-19 10:22:07,615] INFO [search_product:73] search,user_id:yang,search_title:금지,date:2022-10-19 10:22:07
[2022-10-19 10:26:44,357] INFO [search_product:73] search,user_id:yaya,search_title:블랙 무지,date:2022-10-19 10:26:44
[2022-10-19 10:26:51,671] INFO [search_product:73] search,user_id:yaya,search_title:블랙 무지,date:2022-10-19 10:26:51
[2022-10-19 10:27:09,736] INFO [search_product:73] search,user_id:yaya,search_title:백색 무지,date:2022-10-19 10:27:09
[2022-10-19 11:13:55,744] INFO [search_product:73] search,user_id:aaaa,search_title:404,date:2022-10-19 11:13:55
[2022-10-19 11:17:25,209] INFO [search_product:73] search,user_id:asd,search_title:아디다스,date:2022-10-19 11:17:25
[2022-10-19 11:28:12,395] INFO [search_product:73] search,user_id:zxc,search_title:404,date:2022-10-19 11:28:12
[2022-10-27 09:32:12,814] INFO [search_product:73] search,user_id:see,search_title:캉골,date:2022-10-27 09:32:12
[2022-10-27 09:38:17,566] INFO [search_product:74] search,user_id:yaham,search_title:임두혁,date:2022-10-27 09:38:17
[2022-10-27 09:38:26,419] INFO [search_product:74] search,user_id:yaham,search_title:임두혁,date:2022-10-27 09:38:26
[2022-10-27 09:38:28,905] INFO [search_product:74] search,user_id:yaham,search_title:임두혁,date:2022-10-27 09:38:28
[2022-10-27 09:38:31,180] INFO [search_product:74] search,user_id:yaham,search_title:임두혁,date:2022-10-27 09:38:31
[2022-10-27 09:38:33,538] INFO [search_product:74] search,user_id:yaham,search_title:임두혁,date:2022-10-27 09:38:33
[2022-10-27 09:38:35,705] INFO [search_product:74] search,user_id:yaham,search_title:임두혁,date:2022-10-27 09:38:35
[2022-10-27 09:39:21,492] INFO [search_product:74] search,user_id:yaham,search_title:404,date:2022-10-27 09:39:21
[2022-10-27 09:40:29,231] INFO [search_product:74] search,user_id:see,search_title:404,date:2022-10-27 09:40:29
[2022-10-27 10:51:22,214] INFO [search_product:74] search,user_id:sixman,search_title:404,date:2022-10-27 10:51:22
[2022-10-27 10:51:22,223] INFO [search_product:74] search,user_id:see,search_title:404,date:2022-10-27 10:51:22
[2022-10-27 10:51:22,251] INFO [search_product:74] search,user_id:see,search_title:무지,date:2022-10-27 10:51:22
[2022-10-27 10:51:22,327] INFO [search_product:74] search,user_id:see,search_title:어?금지티,date:2022-10-27 10:51:22
[2022-10-27 10:51:22,367] INFO [search_product:74] search,user_id:see,search_title:무지,date:2022-10-27 10:51:22
[2022-10-27 10:51:22,434] INFO [search_product:74] search,user_id:sixman,search_title:404,date:2022-10-27 10:51:22
[2022-10-27 10:51:22,465] INFO [search_product:74] search,user_id:see,search_title:임두혁,date:2022-10-27 10:51:22
[2022-10-27 10:51:22,466] INFO [search_product:74] search,user_id:see,search_title:금지,date:2022-10-27 10:51:22
[2022-10-27 10:51:22,513] INFO [search_product:74] search,user_id:see,search_title:임두혁,date:2022-10-27 10:51:22
[2022-10-27 10:51:22,513] INFO [search_product:74] search,user_id:sixman,search_title:아디다스,date:2022-10-27 10:51:22
[2022-10-27 10:51:22,572] INFO [search_product:74] search,user_id:yaham,search_title:아디다스,date:2022-10-27 10:51:22
[2022-10-27 10:51:22,589] INFO [search_product:74] search,user_id:see,search_title:나이키 반바지,date:2022-10-27 10:51:22
[2022-10-27 10:51:22,625] INFO [search_product:74] search,user_id:see,search_title:어,date:2022-10-27 10:51:22
[2022-10-27 10:51:22,653] INFO [search_product:74] search,user_id:yaham,search_title:캉골,date:2022-10-27 10:51:22
[2022-10-27 10:51:22,700] INFO [search_product:74] search,user_id:sixman,search_title:아디다스,date:2022-10-27 10:51:22
[2022-10-27 10:51:22,724] INFO [search_product:74] search,user_id:see,search_title:어,date:2022-10-27 10:51:22
[2022-10-27 10:51:22,773] INFO [search_product:74] search,user_id:see,search_title:기모티,date:2022-10-27 10:51:22
[2022-10-27 10:51:22,792] INFO [search_product:74] search,user_id:yaham,search_title:아디다스,date:2022-10-27 10:51:22
[2022-10-27 10:51:22,836] INFO [search_product:74] search,user_id:see,search_title:어,date:2022-10-27 10:51:22
[2022-10-27 10:51:22,836] INFO [search_product:74] search,user_id:yaham,search_title:아디다스,date:2022-10-27 10:51:22
[2022-10-27 10:51:22,891] INFO [search_product:74] search,user_id:see,search_title:아디다스,date:2022-10-27 10:51:22
[2022-10-27 10:51:22,957] INFO [search_product:74] search,user_id:see,search_title:무지,date:2022-10-27 10:51:22
[2022-10-27 10:51:22,960] INFO [search_product:74] search,user_id:see,search_title:아디다스,date:2022-10-27 10:51:22
[2022-10-27 10:51:22,961] INFO [search_product:74] search,user_id:see,search_title:어?금지티,date:2022-10-27 10:51:22
[2022-10-27 10:51:22,995] INFO [search_product:74] search,user_id:see,search_title:어?금지티,date:2022-10-27 10:51:22
[2022-10-27 10:51:23,038] INFO [search_product:74] search,user_id:yaham,search_title:캉골,date:2022-10-27 10:51:23
[2022-10-27 10:51:23,063] INFO [search_product:74] search,user_id:see,search_title:금지,date:2022-10-27 10:51:23
[2022-10-27 10:51:23,064] INFO [search_product:74] search,user_id:see,search_title:아디다스,date:2022-10-27 10:51:23
[2022-10-27 10:51:23,069] INFO [search_product:74] search,user_id:see,search_title:아디다스,date:2022-10-27 10:51:23
[2022-10-27 10:51:23,105] INFO [search_product:74] search,user_id:see,search_title:나이키 반바지,date:2022-10-27 10:51:23
[2022-10-27 10:51:23,125] INFO [search_product:74] search,user_id:see,search_title:아디다스,date:2022-10-27 10:51:23
[2022-10-27 10:51:23,134] INFO [search_product:74] search,user_id:see,search_title:기모티,date:2022-10-27 10:51:23
[2022-10-27 10:51:23,151] INFO [search_product:74] search,user_id:see,search_title:기모티,date:2022-10-27 10:51:23
[2022-10-27 10:51:23,170] INFO [search_product:74] search,user_id:see,search_title:무지,date:2022-10-27 10:51:23
[2022-10-27 10:51:32,260] INFO [search_product:74] search,user_id:yaham,search_title:아디다스,date:2022-10-27 10:51:32
[2022-11-22 01:45:55,273] INFO [search_product:73] search,user_id:eorms0203,search_title:나이키,date:2022-11-22 01:45:55
[2022-11-22 01:46:02,378] INFO [search_product:73] search,user_id:eorms0203,search_title:404,date:2022-11-22 01:46:02
[2022-11-22 01:46:06,688] INFO [search_product:73] search,user_id:eorms0203,search_title:나이키,date:2022-11-22 01:46:06
[2022-11-22 01:46:10,298] INFO [search_product:73] search,user_id:eorms0203,search_title:나이키,date:2022-11-22 01:46:10
[2022-11-22 01:46:13,708] INFO [search_product:73] search,user_id:eorms0203,search_title:나이키,date:2022-11-22 01:46:13
[2022-11-22 01:46:17,158] INFO [search_product:73] search,user_id:eorms0203,search_title:나이키,date:2022-11-22 01:46:17
[2022-11-22 01:47:08,801] INFO [search_product:73] search,user_id:eorms0203,search_title:캉골,date:2022-11-22 01:47:08
[2022-11-22 01:47:22,672] INFO [search_product:73] search,user_id:eorms0203,search_title:기모티,date:2022-11-22 01:47:22
[2022-11-22 01:47:27,992] INFO [search_product:73] search,user_id:eorms0203,search_title:기모티,date:2022-11-22 01:47:27
[2022-11-22 01:47:33,704] INFO [search_product:73] search,user_id:eorms0203,search_title:기모티,date:2022-11-22 01:47:33
[2022-11-22 01:48:15,575] INFO [search_product:73] search,user_id:eorms0203,search_title:캔버스,date:2022-11-22 01:48:15
[2022-11-22 01:48:19,422] INFO [search_product:73] search,user_id:eorms0203,search_title:캔버스,date:2022-11-22 01:48:19
[2022-11-22 01:48:24,387] INFO [search_product:73] search,user_id:eorms0203,search_title:캔버스,date:2022-11-22 01:48:24
[2022-11-22 01:48:30,316] INFO [search_product:73] search,user_id:eorms0203,search_title:캔버스,date:2022-11-22 01:48:30
[2022-11-22 01:48:38,394] INFO [search_product:73] search,user_id:eorms0203,search_title:나이키 후드티,date:2022-11-22 01:48:38
[2022-11-22 01:48:44,276] INFO [search_product:73] search,user_id:eorms0203,search_title:나이키 후드티,date:2022-11-22 01:48:44
[2022-11-22 01:48:48,716] INFO [search_product:73] search,user_id:eorms0203,search_title:나이키 후드티,date:2022-11-22 01:48:48
[2022-11-22 01:49:02,077] INFO [search_product:73] search,user_id:eorms0203,search_title:핏블리,date:2022-11-22 01:49:02
[2022-11-22 01:49:05,288] INFO [search_product:73] search,user_id:eorms0203,search_title:핏블리,date:2022-11-22 01:49:05
[2022-11-22 01:49:08,052] INFO [search_product:73] search,user_id:eorms0203,search_title:핏블리,date:2022-11-22 01:49:08
[2022-11-22 01:49:11,512] INFO [search_product:73] search,user_id:eorms0203,search_title:핏블리,date:2022-11-22 01:49:11
[2022-11-22 01:49:13,802] INFO [search_product:73] search,user_id:eorms0203,search_title:핏블리,date:2022-11-22 01:49:13
[2022-11-22 01:49:16,751] INFO [search_product:73] search,user_id:eorms0203,search_title:핏블리,date:2022-11-22 01:49:16
[2022-11-22 01:49:19,080] INFO [search_product:73] search,user_id:eorms0203,search_title:핏블리,date:2022-11-22 01:49:19
[2022-11-22 01:49:23,993] INFO [search_product:73] search,user_id:eorms0203,search_title:핏블리,date:2022-11-22 01:49:23
[2022-11-22 01:49:26,445] INFO [search_product:73] search,user_id:eorms0203,search_title:핏블리,date:2022-11-22 01:49:26
[2022-11-22 01:49:28,905] INFO [search_product:73] search,user_id:eorms0203,search_title:핏블리,date:2022-11-22 01:49:28
[2022-11-22 01:49:31,472] INFO [search_product:73] search,user_id:eorms0203,search_title:핏블리,date:2022-11-22 01:49:31
[2022-11-22 01:49:44,229] INFO [search_product:73] search,user_id:eorms0203,search_title:맨투맨,date:2022-11-22 01:49:44
[2022-11-22 01:49:47,709] INFO [search_product:73] search,user_id:eorms0203,search_title:맨투맨,date:2022-11-22 01:49:47
[2022-11-22 01:49:51,162] INFO [search_product:73] search,user_id:eorms0203,search_title:맨투맨,date:2022-11-22 01:49:51
[2022-11-22 01:49:53,586] INFO [search_product:73] search,user_id:eorms0203,search_title:맨투맨,date:2022-11-22 01:49:53
[2022-11-22 01:49:56,567] INFO [search_product:73] search,user_id:eorms0203,search_title:맨투맨,date:2022-11-22 01:49:56
[2022-11-22 01:49:59,385] INFO [search_product:73] search,user_id:eorms0203,search_title:맨투맨,date:2022-11-22 01:49:59
[2022-11-22 01:50:41,278] INFO [search_product:73] search,user_id:eorms0203,search_title:기모티,date:2022-11-22 01:50:41
[2022-11-22 01:50:49,273] INFO [search_product:73] search,user_id:eorms0203,search_title:기모티,date:2022-11-22 01:50:49
[2022-11-22 01:50:52,606] INFO [search_product:73] search,user_id:eorms0203,search_title:기모티,date:2022-11-22 01:50:52
[2022-11-22 01:50:58,231] INFO [search_product:73] search,user_id:eorms0203,search_title:스파오,date:2022-11-22 01:50:58
[2022-11-22 01:51:01,928] INFO [search_product:73] search,user_id:eorms0203,search_title:스파오,date:2022-11-22 01:51:01
[2022-11-22 01:51:04,440] INFO [search_product:73] search,user_id:eorms0203,search_title:스파오,date:2022-11-22 01:51:04
[2022-11-22 01:51:08,657] INFO [search_product:73] search,user_id:eorms0203,search_title:스파오,date:2022-11-22 01:51:08
[2022-11-22 01:51:11,808] INFO [search_product:73] search,user_id:eorms0203,search_title:스파오,date:2022-11-22 01:51:11
[2022-11-22 01:51:14,528] INFO [search_product:73] search,user_id:eorms0203,search_title:스파오,date:2022-11-22 01:51:14
[2022-11-22 01:51:17,174] INFO [search_product:73] search,user_id:eorms0203,search_title:스파오,date:2022-11-22 01:51:17
[2022-11-22 01:52:04,526] INFO [search_product:73] search,user_id:eorms0203,search_title:스파오,date:2022-11-22 01:52:04
[2022-11-22 01:52:07,594] INFO [search_product:73] search,user_id:eorms0203,search_title:스파오,date:2022-11-22 01:52:07
[2022-11-22 01:52:10,780] INFO [search_product:73] search,user_id:eorms0203,search_title:스파오,date:2022-11-22 01:52:10
[2022-11-22 01:52:13,423] INFO [search_product:73] search,user_id:eorms0203,search_title:스파오,date:2022-11-22 01:52:13
[2022-11-22 01:52:39,519] INFO [search_product:73] search,user_id:eorms0203,search_title:스파오,date:2022-11-22 01:52:39
[2022-11-22 01:52:47,897] INFO [search_product:73] search,user_id:eorms0203,search_title:뉴발란스,date:2022-11-22 01:52:47
[2022-11-22 01:52:51,826] INFO [search_product:73] search,user_id:eorms0203,search_title:뉴발란스,date:2022-11-22 01:52:51
[2022-11-22 01:52:54,977] INFO [search_product:73] search,user_id:eorms0203,search_title:뉴발란스,date:2022-11-22 01:52:54
[2022-11-22 01:53:00,649] INFO [search_product:73] search,user_id:eorms0203,search_title:뉴발란스,date:2022-11-22 01:53:00
[2022-11-22 01:53:06,060] INFO [search_product:73] search,user_id:eorms0203,search_title:뉴발란스,date:2022-11-22 01:53:06
[2022-11-22 01:53:10,465] INFO [search_product:73] search,user_id:eorms0203,search_title:뉴발란스,date:2022-11-22 01:53:10
[2022-11-22 01:53:15,378] INFO [search_product:73] search,user_id:eorms0203,search_title:뉴발란스,date:2022-11-22 01:53:15
[2022-11-22 01:53:21,219] INFO [search_product:73] search,user_id:eorms0203,search_title:뉴발란스,date:2022-11-22 01:53:21
[2022-11-22 01:53:25,465] INFO [search_product:73] search,user_id:eorms0203,search_title:뉴발란스,date:2022-11-22 01:53:25
[2022-11-22 01:53:30,175] INFO [search_product:73] search,user_id:eorms0203,search_title:뉴발란스,date:2022-11-22 01:53:30
[2022-11-22 15:38:40,371] INFO [search_product:73] search,user_id:eorms,search_title:스파오,date:2022-11-22 15:38:40
[2022-11-22 15:39:41,517] INFO [search_product:73] search,user_id:eorms,search_title:헤이트 비니스,date:2022-11-22 15:39:41
[2022-11-23 01:19:31,460] INFO [search_product:73] search,user_id:dbtnghd1234,search_title:신발,date:2022-11-23 01:19:31
[2022-11-23 02:43:06,534] INFO [search_product:73] search,user_id:dbtnghd123,search_title:레이니 핫팬츠,date:2022-11-23 02:43:06
[2022-11-23 02:43:14,657] INFO [search_product:73] search,user_id:dbtnghd123,search_title:바지,date:2022-11-23 02:43:14
[2022-11-23 02:43:21,845] INFO [search_product:73] search,user_id:dbtnghd123,search_title:나이키,date:2022-11-23 02:43:21
[2022-11-23 03:22:39,754] INFO [search_product:73] search,user_id:dbtnghd1234,search_title:우디 자수 데님 셔츠,date:2022-11-23 03:22:39
[2022-11-23 03:22:45,905] INFO [search_product:73] search,user_id:dbtnghd1234,search_title:나이키,date:2022-11-23 03:22:45
[2022-11-23 03:22:56,834] INFO [search_product:73] search,user_id:dbtnghd1234,search_title:긴팔,date:2022-11-23 03:22:56
[2022-11-23 03:35:50,597] INFO [search_product:73] search,user_id:dbtnghd12,search_title:니스라 실프,date:2022-11-23 03:35:50
[2022-11-23 03:35:56,477] INFO [search_product:73] search,user_id:dbtnghd12,search_title:반팔티,date:2022-11-23 03:35:56
[2022-11-23 03:36:06,596] INFO [search_product:73] search,user_id:dbtnghd12,search_title:나이키,date:2022-11-23 03:36:06
[2022-11-23 03:44:05,519] INFO [search_product:73] search,user_id:dbtnghd1234,search_title:샤를 셔츠,date:2022-11-23 03:44:05
[2022-11-23 03:44:13,438] INFO [search_product:73] search,user_id:dbtnghd1234,search_title:긴파티,date:2022-11-23 03:44:13
[2022-11-23 03:44:16,438] INFO [search_product:73] search,user_id:dbtnghd1234,search_title:긴팔티,date:2022-11-23 03:44:16
[2022-11-23 03:44:25,439] INFO [search_product:73] search,user_id:dbtnghd1234,search_title:나이키,date:2022-11-23 03:44:25
[2022-11-23 03:51:10,536] INFO [search_product:73] search,user_id:dbtnghd1234,search_title:나이키 언더아머 no.6,date:2022-11-23 03:51:10
[2022-11-23 03:51:18,365] INFO [search_product:73] search,user_id:dbtnghd1234,search_title:긴팔티,date:2022-11-23 03:51:18
[2022-11-23 03:51:31,389] INFO [search_product:73] search,user_id:dbtnghd1234,search_title:나이키,date:2022-11-23 03:51:31
[2022-11-23 04:06:47,942] INFO [search_product:73] search,user_id:dbtnghd1234,search_title:루브,date:2022-11-23 04:06:47
[2022-11-23 04:06:55,355] INFO [search_product:73] search,user_id:dbtnghd1234,search_title:긴팔티,date:2022-11-23 04:06:55
[2022-11-23 04:07:03,548] INFO [search_product:73] search,user_id:dbtnghd1234,search_title:나이키,date:2022-11-23 04:07:03
[2022-11-23 04:07:30,520] INFO [search_product:73] search,user_id:dbtnghd1234,search_title:404,date:2022-11-23 04:07:30
