[2022-10-19 09:08:05,592] INFO [shopreview:35] reviewsuccess user_id:aaa prodnum:412 reviewnum:19 reviewrating:5 date:2022-10-19 09:08:05
[2022-10-19 09:08:25,203] INFO [shopreview:35] reviewsuccess user_id:aaa prodnum:355 reviewnum:20 reviewrating:4 date:2022-10-19 09:08:25
[2022-10-19 09:09:04,069] INFO [shopreview:35] reviewsuccess user_id:aaa prodnum:807 reviewnum:21 reviewrating:5 date:2022-10-19 09:09:04
[2022-10-19 09:09:20,314] INFO [shopreview:35] reviewsuccess user_id:aaa prodnum:197 reviewnum:22 reviewrating:4 date:2022-10-19 09:09:20
[2022-10-19 09:09:43,312] INFO [shopreview:35] reviewsuccess user_id:aaa prodnum:912 reviewnum:23 reviewrating:5 date:2022-10-19 09:09:43
[2022-10-19 09:12:14,201] INFO [shopreview:35] reviewsuccess user_id:jk prodnum:412 reviewnum:24 reviewrating:1 date:2022-10-19 09:12:14
[2022-10-19 09:14:10,230] INFO [shopreview:35] reviewsuccess user_id:bbb prodnum:584 reviewnum:25 reviewrating:5 date:2022-10-19 09:14:10
[2022-10-19 09:14:33,043] INFO [shopreview:35] reviewsuccess user_id:jk prodnum:394 reviewnum:26 reviewrating:2 date:2022-10-19 09:14:33
[2022-10-19 09:14:34,232] INFO [shopreview:35] reviewsuccess user_id:bbb prodnum:503 reviewnum:27 reviewrating:5 date:2022-10-19 09:14:34
[2022-10-19 09:15:03,084] INFO [shopreview:35] reviewsuccess user_id:bbb prodnum:412 reviewnum:28 reviewrating:4 date:2022-10-19 09:15:03
[2022-10-19 09:15:27,519] INFO [shopreview:35] reviewsuccess user_id:jk prodnum:846 reviewnum:29 reviewrating:1 date:2022-10-19 09:15:27
[2022-10-19 09:15:34,138] INFO [shopreview:35] reviewsuccess user_id:bbb prodnum:327 reviewnum:30 reviewrating:1 date:2022-10-19 09:15:34
[2022-10-19 09:15:52,416] INFO [shopreview:35] reviewsuccess user_id:ham prodnum:412 reviewnum:31 reviewrating:2 date:2022-10-19 09:15:52
[2022-10-19 09:16:07,445] INFO [shopreview:35] reviewsuccess user_id:bbb prodnum:800 reviewnum:32 reviewrating:5 date:2022-10-19 09:16:07
[2022-10-19 09:16:09,816] INFO [shopreview:35] reviewsuccess user_id:ham prodnum:701 reviewnum:33 reviewrating:3 date:2022-10-19 09:16:09
[2022-10-19 09:16:15,258] INFO [shopreview:35] reviewsuccess user_id:jk prodnum:358 reviewnum:34 reviewrating:1 date:2022-10-19 09:16:15
[2022-10-19 09:16:28,315] INFO [shopreview:35] reviewsuccess user_id:ham prodnum:474 reviewnum:35 reviewrating:4 date:2022-10-19 09:16:28
[2022-10-19 09:16:40,157] INFO [shopreview:35] reviewsuccess user_id:jk prodnum:915 reviewnum:36 reviewrating:5 date:2022-10-19 09:16:40
[2022-10-19 09:16:40,833] INFO [shopreview:35] reviewsuccess user_id:ham prodnum:92 reviewnum:37 reviewrating:4 date:2022-10-19 09:16:40
[2022-10-19 09:17:00,844] INFO [shopreview:35] reviewsuccess user_id:ham prodnum:914 reviewnum:38 reviewrating:2 date:2022-10-19 09:17:00
[2022-10-19 09:17:21,255] INFO [shopreview:35] reviewsuccess user_id:ham prodnum:146 reviewnum:39 reviewrating:3 date:2022-10-19 09:17:21
[2022-10-19 09:17:33,018] INFO [shopreview:35] reviewsuccess user_id:jk prodnum:368 reviewnum:40 reviewrating:1 date:2022-10-19 09:17:33
[2022-10-19 09:17:45,615] INFO [shopreview:35] reviewsuccess user_id:ham prodnum:231 reviewnum:41 reviewrating:4 date:2022-10-19 09:17:45
[2022-10-19 09:19:38,790] INFO [shopreview:35] reviewsuccess user_id:ccc prodnum:412 reviewnum:42 reviewrating:1 date:2022-10-19 09:19:38
[2022-10-19 09:19:57,413] INFO [shopreview:35] reviewsuccess user_id:k prodnum:593 reviewnum:43 reviewrating:1 date:2022-10-19 09:19:57
[2022-10-19 09:20:13,149] INFO [shopreview:35] reviewsuccess user_id:ccc prodnum:405 reviewnum:44 reviewrating:5 date:2022-10-19 09:20:13
[2022-10-19 09:20:26,558] INFO [shopreview:35] reviewsuccess user_id:k prodnum:389 reviewnum:45 reviewrating:1 date:2022-10-19 09:20:26
[2022-10-19 09:20:28,248] INFO [shopreview:35] reviewsuccess user_id:ccc prodnum:627 reviewnum:46 reviewrating:1 date:2022-10-19 09:20:28
[2022-10-19 09:20:44,420] INFO [shopreview:35] reviewsuccess user_id:ccc prodnum:503 reviewnum:47 reviewrating:3 date:2022-10-19 09:20:44
[2022-10-19 09:21:02,223] INFO [shopreview:35] reviewsuccess user_id:ccc prodnum:329 reviewnum:48 reviewrating:5 date:2022-10-19 09:21:02
[2022-10-19 09:21:04,736] INFO [shopreview:35] reviewsuccess user_id:k prodnum:394 reviewnum:49 reviewrating:1 date:2022-10-19 09:21:04
[2022-10-19 09:21:47,296] INFO [shopreview:35] reviewsuccess user_id:k prodnum:798 reviewnum:50 reviewrating:1 date:2022-10-19 09:21:47
[2022-10-19 09:22:21,793] INFO [shopreview:35] reviewsuccess user_id:ruru prodnum:412 reviewnum:51 reviewrating:4 date:2022-10-19 09:22:21
[2022-10-19 09:22:33,647] INFO [shopreview:35] reviewsuccess user_id:k prodnum:233 reviewnum:52 reviewrating:1 date:2022-10-19 09:22:33
[2022-10-19 09:22:42,263] INFO [shopreview:35] reviewsuccess user_id:ruru prodnum:589 reviewnum:53 reviewrating:3 date:2022-10-19 09:22:42
[2022-10-19 09:23:05,396] INFO [shopreview:35] reviewsuccess user_id:k prodnum:412 reviewnum:54 reviewrating:5 date:2022-10-19 09:23:05
[2022-10-19 09:23:20,757] INFO [shopreview:35] reviewsuccess user_id:ruru prodnum:848 reviewnum:55 reviewrating:4 date:2022-10-19 09:23:20
[2022-10-19 09:23:33,335] INFO [shopreview:35] reviewsuccess user_id:k prodnum:848 reviewnum:56 reviewrating:1 date:2022-10-19 09:23:33
[2022-10-19 09:23:44,172] INFO [shopreview:35] reviewsuccess user_id:ruru prodnum:221 reviewnum:57 reviewrating:2 date:2022-10-19 09:23:44
[2022-10-19 09:24:02,309] INFO [shopreview:35] reviewsuccess user_id:ruru prodnum:528 reviewnum:58 reviewrating:4 date:2022-10-19 09:24:02
[2022-10-19 09:26:48,156] INFO [shopreview:35] reviewsuccess user_id:www prodnum:843 reviewnum:59 reviewrating:1 date:2022-10-19 09:26:48
[2022-10-19 09:27:11,021] INFO [shopreview:35] reviewsuccess user_id:www prodnum:219 reviewnum:60 reviewrating:1 date:2022-10-19 09:27:11
[2022-10-19 09:27:45,909] INFO [shopreview:35] reviewsuccess user_id:www prodnum:378 reviewnum:61 reviewrating:1 date:2022-10-19 09:27:45
[2022-10-19 09:28:05,827] INFO [shopreview:35] reviewsuccess user_id:www prodnum:224 reviewnum:62 reviewrating:1 date:2022-10-19 09:28:05
[2022-10-19 09:28:24,154] INFO [shopreview:35] reviewsuccess user_id:www prodnum:393 reviewnum:63 reviewrating:1 date:2022-10-19 09:28:24
[2022-10-19 09:28:46,956] INFO [shopreview:35] reviewsuccess user_id:www prodnum:412 reviewnum:64 reviewrating:1 date:2022-10-19 09:28:46
[2022-10-19 09:29:03,885] INFO [shopreview:35] reviewsuccess user_id:dodo prodnum:407 reviewnum:65 reviewrating:4 date:2022-10-19 09:29:03
[2022-10-19 09:29:24,472] INFO [shopreview:35] reviewsuccess user_id:dodo prodnum:436 reviewnum:66 reviewrating:4 date:2022-10-19 09:29:24
[2022-10-19 09:29:49,589] INFO [shopreview:35] reviewsuccess user_id:dodo prodnum:196 reviewnum:67 reviewrating:4 date:2022-10-19 09:29:49
[2022-10-19 09:30:14,517] INFO [shopreview:35] reviewsuccess user_id:dodo prodnum:913 reviewnum:68 reviewrating:3 date:2022-10-19 09:30:14
[2022-10-19 09:30:29,022] INFO [shopreview:35] reviewsuccess user_id:ddd prodnum:214 reviewnum:69 reviewrating:5 date:2022-10-19 09:30:29
[2022-10-19 09:30:32,163] INFO [shopreview:35] reviewsuccess user_id:dodo prodnum:412 reviewnum:70 reviewrating:3 date:2022-10-19 09:30:32
[2022-10-19 09:30:41,338] INFO [shopreview:35] reviewsuccess user_id:ddd prodnum:412 reviewnum:71 reviewrating:5 date:2022-10-19 09:30:41
[2022-10-19 09:30:57,121] INFO [shopreview:35] reviewsuccess user_id:ddd prodnum:340 reviewnum:72 reviewrating:5 date:2022-10-19 09:30:57
[2022-10-19 09:31:09,705] INFO [shopreview:35] reviewsuccess user_id:ddd prodnum:846 reviewnum:73 reviewrating:2 date:2022-10-19 09:31:09
[2022-10-19 09:31:15,527] INFO [shopreview:35] reviewsuccess user_id:wo1 prodnum:290 reviewnum:74 reviewrating:1 date:2022-10-19 09:31:15
[2022-10-19 09:31:21,832] INFO [shopreview:35] reviewsuccess user_id:ddd prodnum:408 reviewnum:75 reviewrating:5 date:2022-10-19 09:31:21
[2022-10-19 09:31:35,704] INFO [shopreview:35] reviewsuccess user_id:wo1 prodnum:835 reviewnum:76 reviewrating:1 date:2022-10-19 09:31:35
[2022-10-19 09:32:09,207] INFO [shopreview:35] reviewsuccess user_id:wo1 prodnum:229 reviewnum:77 reviewrating:1 date:2022-10-19 09:32:09
[2022-10-19 09:32:28,500] INFO [shopreview:35] reviewsuccess user_id:wo1 prodnum:406 reviewnum:78 reviewrating:3 date:2022-10-19 09:32:28
[2022-10-19 09:35:19,071] INFO [shopreview:35] reviewsuccess user_id:eee prodnum:411 reviewnum:79 reviewrating:5 date:2022-10-19 09:35:19
[2022-10-19 09:35:32,360] INFO [shopreview:35] reviewsuccess user_id:eee prodnum:581 reviewnum:80 reviewrating:5 date:2022-10-19 09:35:32
[2022-10-19 09:35:35,971] INFO [shopreview:35] reviewsuccess user_id:wo1 prodnum:411 reviewnum:81 reviewrating:1 date:2022-10-19 09:35:35
[2022-10-19 09:35:44,725] INFO [shopreview:35] reviewsuccess user_id:eee prodnum:201 reviewnum:82 reviewrating:5 date:2022-10-19 09:35:44
[2022-10-19 09:36:06,473] INFO [shopreview:35] reviewsuccess user_id:eee prodnum:659 reviewnum:83 reviewrating:1 date:2022-10-19 09:36:06
[2022-10-19 09:36:26,883] INFO [shopreview:35] reviewsuccess user_id:eee prodnum:213 reviewnum:84 reviewrating:2 date:2022-10-19 09:36:26
[2022-10-19 09:36:50,644] INFO [shopreview:35] reviewsuccess user_id:wo1 prodnum:412 reviewnum:85 reviewrating:1 date:2022-10-19 09:36:50
[2022-10-19 09:37:10,252] INFO [shopreview:35] reviewsuccess user_id:wo1 prodnum:389 reviewnum:86 reviewrating:1 date:2022-10-19 09:37:10
[2022-10-19 09:38:07,210] INFO [shopreview:35] reviewsuccess user_id:bye prodnum:5 reviewnum:87 reviewrating:3 date:2022-10-19 09:38:07
[2022-10-19 09:38:21,813] INFO [shopreview:35] reviewsuccess user_id:bye prodnum:885 reviewnum:88 reviewrating:4 date:2022-10-19 09:38:21
[2022-10-19 09:38:42,022] INFO [shopreview:35] reviewsuccess user_id:bye prodnum:155 reviewnum:89 reviewrating:4 date:2022-10-19 09:38:42
[2022-10-19 09:39:03,286] INFO [shopreview:35] reviewsuccess user_id:bye prodnum:108 reviewnum:90 reviewrating:3 date:2022-10-19 09:39:03
[2022-10-19 09:39:25,566] INFO [shopreview:35] reviewsuccess user_id:bye prodnum:411 reviewnum:91 reviewrating:1 date:2022-10-19 09:39:25
[2022-10-19 09:41:34,750] INFO [shopreview:35] reviewsuccess user_id:q prodnum:891 reviewnum:92 reviewrating:1 date:2022-10-19 09:41:34
[2022-10-19 09:41:56,221] INFO [shopreview:35] reviewsuccess user_id:q prodnum:784 reviewnum:93 reviewrating:1 date:2022-10-19 09:41:56
[2022-10-19 09:42:10,119] INFO [shopreview:35] reviewsuccess user_id:q prodnum:389 reviewnum:94 reviewrating:1 date:2022-10-19 09:42:10
[2022-10-19 09:43:33,073] INFO [shopreview:35] reviewsuccess user_id:q prodnum:836 reviewnum:95 reviewrating:1 date:2022-10-19 09:43:33
[2022-10-19 09:43:53,176] INFO [shopreview:35] reviewsuccess user_id:fff prodnum:411 reviewnum:96 reviewrating:5 date:2022-10-19 09:43:53
[2022-10-19 09:43:57,592] INFO [shopreview:35] reviewsuccess user_id:q prodnum:324 reviewnum:97 reviewrating:1 date:2022-10-19 09:43:57
[2022-10-19 09:44:06,207] INFO [shopreview:35] reviewsuccess user_id:fff prodnum:203 reviewnum:98 reviewrating:5 date:2022-10-19 09:44:06
[2022-10-19 09:44:14,138] INFO [shopreview:35] reviewsuccess user_id:q prodnum:411 reviewnum:99 reviewrating:1 date:2022-10-19 09:44:14
[2022-10-19 09:44:16,895] INFO [shopreview:35] reviewsuccess user_id:fff prodnum:805 reviewnum:100 reviewrating:5 date:2022-10-19 09:44:16
[2022-10-19 09:44:58,526] INFO [shopreview:35] reviewsuccess user_id:fff prodnum:659 reviewnum:101 reviewrating:5 date:2022-10-19 09:44:58
[2022-10-19 09:45:12,200] INFO [shopreview:35] reviewsuccess user_id:fff prodnum:355 reviewnum:102 reviewrating:5 date:2022-10-19 09:45:12
[2022-10-19 09:45:14,957] INFO [shopreview:35] reviewsuccess user_id:gion prodnum:411 reviewnum:103 reviewrating:3 date:2022-10-19 09:45:14
[2022-10-19 09:45:29,476] INFO [shopreview:35] reviewsuccess user_id:gion prodnum:913 reviewnum:104 reviewrating:3 date:2022-10-19 09:45:29
[2022-10-19 09:45:46,644] INFO [shopreview:35] reviewsuccess user_id:gion prodnum:148 reviewnum:105 reviewrating:4 date:2022-10-19 09:45:46
[2022-10-19 09:46:10,580] INFO [shopreview:35] reviewsuccess user_id:gion prodnum:70 reviewnum:106 reviewrating:3 date:2022-10-19 09:46:10
[2022-10-19 09:46:25,808] INFO [shopreview:35] reviewsuccess user_id:gion prodnum:412 reviewnum:107 reviewrating:3 date:2022-10-19 09:46:25
[2022-10-19 09:48:49,022] INFO [shopreview:35] reviewsuccess user_id:qw prodnum:412 reviewnum:108 reviewrating:5 date:2022-10-19 09:48:49
[2022-10-19 09:49:04,069] INFO [shopreview:35] reviewsuccess user_id:ggg prodnum:412 reviewnum:109 reviewrating:5 date:2022-10-19 09:49:04
[2022-10-19 09:49:07,925] INFO [shopreview:35] reviewsuccess user_id:qw prodnum:570 reviewnum:110 reviewrating:1 date:2022-10-19 09:49:07
[2022-10-19 09:49:20,078] INFO [shopreview:35] reviewsuccess user_id:ggg prodnum:411 reviewnum:111 reviewrating:5 date:2022-10-19 09:49:20
[2022-10-19 09:49:30,027] INFO [shopreview:35] reviewsuccess user_id:ggg prodnum:302 reviewnum:112 reviewrating:5 date:2022-10-19 09:49:30
[2022-10-19 09:49:31,455] INFO [shopreview:35] reviewsuccess user_id:qw prodnum:212 reviewnum:113 reviewrating:1 date:2022-10-19 09:49:31
[2022-10-19 09:49:41,102] INFO [shopreview:35] reviewsuccess user_id:ggg prodnum:33 reviewnum:114 reviewrating:5 date:2022-10-19 09:49:41
[2022-10-19 09:49:50,133] INFO [shopreview:35] reviewsuccess user_id:ggg prodnum:735 reviewnum:115 reviewrating:5 date:2022-10-19 09:49:50
[2022-10-19 09:49:52,171] INFO [shopreview:35] reviewsuccess user_id:qw prodnum:513 reviewnum:116 reviewrating:1 date:2022-10-19 09:49:52
[2022-10-19 09:50:16,433] INFO [shopreview:35] reviewsuccess user_id:qw prodnum:401 reviewnum:117 reviewrating:1 date:2022-10-19 09:50:16
[2022-10-19 09:51:54,960] INFO [shopreview:35] reviewsuccess user_id:ondo prodnum:405 reviewnum:118 reviewrating:4 date:2022-10-19 09:51:54
[2022-10-19 09:52:10,457] INFO [shopreview:35] reviewsuccess user_id:ondo prodnum:140 reviewnum:119 reviewrating:4 date:2022-10-19 09:52:10
[2022-10-19 09:52:40,690] INFO [shopreview:35] reviewsuccess user_id:ondo prodnum:74 reviewnum:120 reviewrating:5 date:2022-10-19 09:52:40
[2022-10-19 09:52:41,832] INFO [shopreview:35] reviewsuccess user_id:qw prodnum:537 reviewnum:121 reviewrating:1 date:2022-10-19 09:52:41
[2022-10-19 09:52:54,690] INFO [shopreview:35] reviewsuccess user_id:ondo prodnum:469 reviewnum:122 reviewrating:4 date:2022-10-19 09:52:54
[2022-10-19 09:53:05,394] INFO [shopreview:35] reviewsuccess user_id:qw prodnum:200 reviewnum:123 reviewrating:1 date:2022-10-19 09:53:05
[2022-10-19 09:53:09,243] INFO [shopreview:35] reviewsuccess user_id:ondo prodnum:411 reviewnum:124 reviewrating:4 date:2022-10-19 09:53:09
[2022-10-19 09:55:29,086] INFO [shopreview:35] reviewsuccess user_id:hhh prodnum:257 reviewnum:125 reviewrating:5 date:2022-10-19 09:55:29
[2022-10-19 09:55:48,546] INFO [shopreview:35] reviewsuccess user_id:hhh prodnum:688 reviewnum:126 reviewrating:5 date:2022-10-19 09:55:48
[2022-10-19 09:55:59,998] INFO [shopreview:35] reviewsuccess user_id:hhh prodnum:406 reviewnum:127 reviewrating:5 date:2022-10-19 09:55:59
[2022-10-19 09:56:03,622] INFO [shopreview:35] reviewsuccess user_id:qwer prodnum:659 reviewnum:128 reviewrating:5 date:2022-10-19 09:56:03
[2022-10-19 09:56:24,598] INFO [shopreview:35] reviewsuccess user_id:hhh prodnum:411 reviewnum:129 reviewrating:3 date:2022-10-19 09:56:24
[2022-10-19 09:56:37,833] INFO [shopreview:35] reviewsuccess user_id:hhh prodnum:412 reviewnum:130 reviewrating:5 date:2022-10-19 09:56:37
[2022-10-19 09:57:45,482] INFO [shopreview:35] reviewsuccess user_id:qwer prodnum:665 reviewnum:131 reviewrating:5 date:2022-10-19 09:57:45
[2022-10-19 09:58:07,191] INFO [shopreview:35] reviewsuccess user_id:qwer prodnum:509 reviewnum:132 reviewrating:1 date:2022-10-19 09:58:07
[2022-10-19 09:58:31,373] INFO [shopreview:35] reviewsuccess user_id:qwer prodnum:910 reviewnum:133 reviewrating:1 date:2022-10-19 09:58:31
[2022-10-19 09:58:47,310] INFO [shopreview:35] reviewsuccess user_id:qwer prodnum:412 reviewnum:134 reviewrating:5 date:2022-10-19 09:58:47
[2022-10-19 09:59:07,787] INFO [shopreview:35] reviewsuccess user_id:qwer prodnum:354 reviewnum:135 reviewrating:1 date:2022-10-19 09:59:07
[2022-10-19 09:59:17,093] INFO [shopreview:35] reviewsuccess user_id:toto prodnum:412 reviewnum:136 reviewrating:5 date:2022-10-19 09:59:17
[2022-10-19 09:59:33,571] INFO [shopreview:35] reviewsuccess user_id:toto prodnum:411 reviewnum:137 reviewrating:4 date:2022-10-19 09:59:33
[2022-10-19 09:59:52,475] INFO [shopreview:35] reviewsuccess user_id:toto prodnum:649 reviewnum:138 reviewrating:3 date:2022-10-19 09:59:52
[2022-10-19 10:00:28,950] INFO [shopreview:35] reviewsuccess user_id:toto prodnum:555 reviewnum:139 reviewrating:4 date:2022-10-19 10:00:28
[2022-10-19 10:00:51,132] INFO [shopreview:35] reviewsuccess user_id:toto prodnum:54 reviewnum:140 reviewrating:4 date:2022-10-19 10:00:51
[2022-10-19 10:01:11,350] INFO [shopreview:35] reviewsuccess user_id:qwe prodnum:202 reviewnum:141 reviewrating:1 date:2022-10-19 10:01:11
[2022-10-19 10:01:28,170] INFO [shopreview:35] reviewsuccess user_id:qwe prodnum:469 reviewnum:142 reviewrating:1 date:2022-10-19 10:01:28
[2022-10-19 10:01:41,798] INFO [shopreview:35] reviewsuccess user_id:qwe prodnum:146 reviewnum:143 reviewrating:1 date:2022-10-19 10:01:41
[2022-10-19 10:02:27,738] INFO [shopreview:35] reviewsuccess user_id:qwe prodnum:459 reviewnum:144 reviewrating:1 date:2022-10-19 10:02:27
[2022-10-19 10:02:30,126] INFO [shopreview:35] reviewsuccess user_id:iii prodnum:669 reviewnum:145 reviewrating:5 date:2022-10-19 10:02:30
[2022-10-19 10:02:42,773] INFO [shopreview:35] reviewsuccess user_id:iii prodnum:673 reviewnum:146 reviewrating:3 date:2022-10-19 10:02:42
[2022-10-19 10:02:46,677] INFO [shopreview:35] reviewsuccess user_id:qwe prodnum:864 reviewnum:147 reviewrating:1 date:2022-10-19 10:02:46
[2022-10-19 10:02:54,486] INFO [shopreview:35] reviewsuccess user_id:iii prodnum:301 reviewnum:148 reviewrating:5 date:2022-10-19 10:02:54
[2022-10-19 10:03:06,297] INFO [shopreview:35] reviewsuccess user_id:iii prodnum:411 reviewnum:149 reviewrating:5 date:2022-10-19 10:03:06
[2022-10-19 10:03:09,300] INFO [shopreview:35] reviewsuccess user_id:qwe prodnum:412 reviewnum:150 reviewrating:5 date:2022-10-19 10:03:09
[2022-10-19 10:03:19,496] INFO [shopreview:35] reviewsuccess user_id:iii prodnum:412 reviewnum:151 reviewrating:5 date:2022-10-19 10:03:19
[2022-10-19 10:03:25,878] INFO [shopreview:35] reviewsuccess user_id:qwe prodnum:41 reviewnum:152 reviewrating:5 date:2022-10-19 10:03:25
[2022-10-19 10:09:10,333] INFO [shopreview:35] reviewsuccess user_id:wer prodnum:414 reviewnum:153 reviewrating:1 date:2022-10-19 10:09:10
[2022-10-19 10:09:29,090] INFO [shopreview:35] reviewsuccess user_id:wer prodnum:848 reviewnum:154 reviewrating:1 date:2022-10-19 10:09:29
[2022-10-19 10:09:43,648] INFO [shopreview:35] reviewsuccess user_id:wer prodnum:389 reviewnum:155 reviewrating:1 date:2022-10-19 10:09:43
[2022-10-19 10:09:59,096] INFO [shopreview:35] reviewsuccess user_id:wer prodnum:598 reviewnum:156 reviewrating:1 date:2022-10-19 10:09:59
[2022-10-19 10:10:12,334] INFO [shopreview:35] reviewsuccess user_id:wer prodnum:11 reviewnum:157 reviewrating:1 date:2022-10-19 10:10:12
[2022-10-19 10:10:28,692] INFO [shopreview:35] reviewsuccess user_id:wer prodnum:412 reviewnum:158 reviewrating:5 date:2022-10-19 10:10:28
[2022-10-19 10:23:13,057] INFO [shopreview:35] reviewsuccess user_id:yang prodnum:411 reviewnum:159 reviewrating:5 date:2022-10-19 10:23:13
[2022-10-19 10:24:14,157] INFO [shopreview:35] reviewsuccess user_id:yang prodnum:411 reviewnum:160 reviewrating:5 date:2022-10-19 10:24:14
[2022-10-19 10:26:44,486] INFO [shopreview:35] reviewsuccess user_id:yang prodnum:635 reviewnum:161 reviewrating:1 date:2022-10-19 10:26:44
[2022-10-19 11:14:57,733] INFO [shopreview:35] reviewsuccess user_id:aaaa prodnum:768 reviewnum:162 reviewrating:1 date:2022-10-19 11:14:57
[2022-10-19 11:15:10,344] INFO [shopreview:35] reviewsuccess user_id:aaaa prodnum:386 reviewnum:163 reviewrating:1 date:2022-10-19 11:15:10
[2022-10-19 11:15:30,457] INFO [shopreview:35] reviewsuccess user_id:aaaa prodnum:902 reviewnum:164 reviewrating:1 date:2022-10-19 11:15:30
[2022-10-19 11:15:50,584] INFO [shopreview:35] reviewsuccess user_id:aaaa prodnum:292 reviewnum:165 reviewrating:5 date:2022-10-19 11:15:50
[2022-10-19 11:16:15,581] INFO [shopreview:35] reviewsuccess user_id:aaaa prodnum:412 reviewnum:166 reviewrating:1 date:2022-10-19 11:16:15
[2022-10-19 11:18:03,981] INFO [shopreview:35] reviewsuccess user_id:asd prodnum:225 reviewnum:167 reviewrating:5 date:2022-10-19 11:18:03
[2022-10-19 11:18:16,433] INFO [shopreview:35] reviewsuccess user_id:asd prodnum:557 reviewnum:168 reviewrating:1 date:2022-10-19 11:18:16
[2022-10-19 11:18:29,640] INFO [shopreview:35] reviewsuccess user_id:asd prodnum:418 reviewnum:169 reviewrating:3 date:2022-10-19 11:18:29
[2022-10-19 11:18:52,184] INFO [shopreview:35] reviewsuccess user_id:asd prodnum:276 reviewnum:170 reviewrating:1 date:2022-10-19 11:18:52
[2022-10-19 11:21:52,873] INFO [shopreview:35] reviewsuccess user_id:asd prodnum:310 reviewnum:171 reviewrating:1 date:2022-10-19 11:21:52
[2022-10-19 11:22:06,758] INFO [shopreview:35] reviewsuccess user_id:asd prodnum:105 reviewnum:172 reviewrating:1 date:2022-10-19 11:22:06
[2022-10-19 11:28:56,441] INFO [shopreview:35] reviewsuccess user_id:zxc prodnum:507 reviewnum:173 reviewrating:1 date:2022-10-19 11:28:56
[2022-10-19 11:29:09,972] INFO [shopreview:35] reviewsuccess user_id:zxc prodnum:502 reviewnum:174 reviewrating:1 date:2022-10-19 11:29:09
[2022-10-19 11:29:21,594] INFO [shopreview:35] reviewsuccess user_id:zxc prodnum:66 reviewnum:175 reviewrating:1 date:2022-10-19 11:29:21
[2022-10-19 11:29:36,344] INFO [shopreview:35] reviewsuccess user_id:zxc prodnum:129 reviewnum:176 reviewrating:1 date:2022-10-19 11:29:36
[2022-10-19 11:30:08,503] INFO [shopreview:35] reviewsuccess user_id:zxc prodnum:150 reviewnum:177 reviewrating:1 date:2022-10-19 11:30:08
[2022-10-19 11:30:28,718] INFO [shopreview:35] reviewsuccess user_id:zxc prodnum:60 reviewnum:178 reviewrating:1 date:2022-10-19 11:30:28
[2022-10-19 11:30:45,271] INFO [shopreview:35] reviewsuccess user_id:zxc prodnum:412 reviewnum:179 reviewrating:5 date:2022-10-19 11:30:45
[2022-10-19 11:35:25,804] INFO [shopreview:35] reviewsuccess user_id:dsd prodnum:786 reviewnum:180 reviewrating:1 date:2022-10-19 11:35:25
[2022-10-19 11:35:39,294] INFO [shopreview:35] reviewsuccess user_id:dsd prodnum:88 reviewnum:181 reviewrating:1 date:2022-10-19 11:35:39
[2022-10-19 11:35:51,133] INFO [shopreview:35] reviewsuccess user_id:dsd prodnum:448 reviewnum:182 reviewrating:1 date:2022-10-19 11:35:51
[2022-10-19 11:36:04,686] INFO [shopreview:35] reviewsuccess user_id:dsd prodnum:715 reviewnum:183 reviewrating:1 date:2022-10-19 11:36:04
[2022-10-19 11:36:16,952] INFO [shopreview:35] reviewsuccess user_id:dsd prodnum:160 reviewnum:184 reviewrating:1 date:2022-10-19 11:36:16
[2022-10-19 11:36:27,284] INFO [shopreview:35] reviewsuccess user_id:dsd prodnum:712 reviewnum:185 reviewrating:1 date:2022-10-19 11:36:27
[2022-10-19 11:45:36,271] INFO [shopreview:35] reviewsuccess user_id:poi prodnum:725 reviewnum:186 reviewrating:1 date:2022-10-19 11:45:36
[2022-10-22 10:34:05,457] INFO [shopreview:35] reviewsuccess user_id:qwe123 prodnum:182 reviewnum:187 reviewrating:5 date:2022-10-22 10:34:05
[2022-10-22 10:56:44,539] INFO [shopreview:454] reviewsuccess user_id:qwe12 prodnum:1 reviewnum:asd reviewrating:5 date:2022-10-22 10:56:44
[2022-10-22 14:55:51,931] INFO [shopreview:454] reviewsuccess user_id:qwe124 prodnum:1 reviewnum:asd reviewrating:5 date:2022-10-22 14:55:51
[2022-10-22 15:02:11,245] INFO [shopreview:35] reviewsuccess user_id:qwe124 prodnum:593 reviewnum:188 reviewrating:5 date:2022-10-22 15:02:11
[2022-10-27 09:20:59,957] INFO [shopreview:454] reviewsuccess user_id:asdfgh1094 prodnum:1 reviewnum:asd reviewrating:5 date:2022-10-27 09:20:59
[2022-10-27 09:22:38,906] INFO [shopreview:35] reviewsuccess user_id:asdfgh1094 prodnum:406 reviewnum:189 reviewrating:5 date:2022-10-27 09:22:38
[2022-10-27 09:24:06,742] INFO [shopreview:454] reviewsuccess user_id:yaham prodnum:1 reviewnum:asd reviewrating:5 date:2022-10-27 09:24:06
[2022-10-27 09:26:08,144] INFO [shopreview:35] reviewsuccess user_id:asdfgh1094 prodnum:33 reviewnum:190 reviewrating:5 date:2022-10-27 09:26:08
[2022-10-27 09:27:26,586] INFO [shopreview:454] reviewsuccess user_id:see prodnum:1 reviewnum:asd reviewrating:5 date:2022-10-27 09:27:26
[2022-10-27 09:32:14,186] INFO [shopreview:35] reviewsuccess user_id:yaham prodnum:844 reviewnum:191 reviewrating:4 date:2022-10-27 09:32:14
[2022-10-27 09:32:30,768] INFO [shopreview:35] reviewsuccess user_id:yaham prodnum:109 reviewnum:192 reviewrating:4 date:2022-10-27 09:32:30
[2022-10-27 09:32:51,624] INFO [shopreview:35] reviewsuccess user_id:yaham prodnum:651 reviewnum:193 reviewrating:4 date:2022-10-27 09:32:51
[2022-10-27 09:33:08,884] INFO [shopreview:35] reviewsuccess user_id:yaham prodnum:369 reviewnum:194 reviewrating:4 date:2022-10-27 09:33:08
[2022-10-27 09:40:05,717] INFO [shopreview:35] reviewsuccess user_id:yaham prodnum:412 reviewnum:195 reviewrating:4 date:2022-10-27 09:40:05
[2022-10-27 10:15:43,552] INFO [shopreview:35] reviewsuccess user_id:see prodnum:11 reviewnum:196 reviewrating:4 date:2022-10-27 10:15:43
[2022-10-27 10:27:12,475] INFO [shopreview:454] reviewsuccess user_id:sixman prodnum:1 reviewnum:asd reviewrating:5 date:2022-10-27 10:27:12
[2022-10-27 10:29:03,931] INFO [shopreview:35] reviewsuccess user_id:sixman prodnum:356 reviewnum:197 reviewrating:2 date:2022-10-27 10:29:03
[2022-10-27 10:30:59,641] INFO [shopreview:35] reviewsuccess user_id:aaa prodnum:356 reviewnum:198 reviewrating:4 date:2022-10-27 10:30:59
[2022-10-27 10:46:27,985] INFO [shopreview:454] reviewsuccess user_id:ham prodnum:1 reviewnum:asd reviewrating:5 date:2022-10-27 10:46:27
[2022-10-27 10:57:44,546] INFO [shopreview:454] reviewsuccess user_id:ham1 prodnum:1 reviewnum:asd reviewrating:5 date:2022-10-27 10:57:44
[2022-10-27 10:58:01,454] INFO [shopreview:454] reviewsuccess user_id:asdasd prodnum:1 reviewnum:asd reviewrating:5 date:2022-10-27 10:58:01
[2022-10-27 11:02:36,957] INFO [shopreview:454] reviewsuccess user_id:asd prodnum:1 reviewnum:asd reviewrating:5 date:2022-10-27 11:02:36
[2022-10-27 11:07:04,995] INFO [shopreview:454] reviewsuccess user_id:asdasd prodnum:1 reviewnum:asd reviewrating:5 date:2022-10-27 11:07:04
[2022-10-27 11:07:31,559] INFO [shopreview:454] reviewsuccess user_id:asdasd prodnum:1 reviewnum:asd reviewrating:5 date:2022-10-27 11:07:31
[2022-11-17 23:19:50,772] INFO [shopreview:454] reviewsuccess user_id:eorms0203 prodnum:1 reviewnum:asd reviewrating:5 date:2022-11-17 23:19:50
[2022-11-22 15:34:22,824] INFO [shopreview:454] reviewsuccess user_id:eorms prodnum:1 reviewnum:asd reviewrating:5 date:2022-11-22 15:34:22
[2022-11-23 00:09:12,433] INFO [shopreview:454] reviewsuccess user_id:dbtnghd1234 prodnum:1 reviewnum:asd reviewrating:5 date:2022-11-23 00:09:12
[2022-11-23 00:21:50,624] INFO [shopreview:454] reviewsuccess user_id:dbtnghd123 prodnum:1 reviewnum:asd reviewrating:5 date:2022-11-23 00:21:50
[2022-11-23 00:25:41,451] INFO [shopreview:454] reviewsuccess user_id:dbtnghd12 prodnum:1 reviewnum:asd reviewrating:5 date:2022-11-23 00:25:41
[2022-11-23 00:53:40,193] INFO [shopreview:454] reviewsuccess user_id:dbtnghd1234 prodnum:1 reviewnum:asd reviewrating:5 date:2022-11-23 00:53:40
[2022-11-23 02:11:41,572] INFO [shopreview:454] reviewsuccess user_id:dbtnghd123 prodnum:1 reviewnum:asd reviewrating:5 date:2022-11-23 02:11:41
[2022-11-23 02:26:13,395] INFO [shopreview:454] reviewsuccess user_id:dbtnghd123 prodnum:1 reviewnum:asd reviewrating:5 date:2022-11-23 02:26:13
[2022-11-23 02:36:46,891] INFO [shopreview:454] reviewsuccess user_id:dbtnghd12 prodnum:1 reviewnum:asd reviewrating:5 date:2022-11-23 02:36:46
[2022-11-23 02:40:11,434] INFO [shopreview:454] reviewsuccess user_id:dbtnghd123 prodnum:1 reviewnum:asd reviewrating:5 date:2022-11-23 02:40:11
[2022-11-23 02:42:26,940] INFO [shopreview:35] reviewsuccess user_id:dbtnghd123 prodnum:590 reviewnum:1 reviewrating:5 date:2022-11-23 02:42:26
[2022-11-23 02:48:56,001] INFO [shopreview:454] reviewsuccess user_id:dbtnghd123 prodnum:1 reviewnum:asd reviewrating:5 date:2022-11-23 02:48:56
[2022-11-23 03:08:26,309] INFO [shopreview:454] reviewsuccess user_id:dbtnghd123 prodnum:1 reviewnum:asd reviewrating:5 date:2022-11-23 03:08:26
[2022-11-23 03:10:19,571] INFO [shopreview:35] reviewsuccess user_id:dbtnghd123 prodnum:779 reviewnum:2 reviewrating:5 date:2022-11-23 03:10:19
[2022-11-23 03:14:02,642] INFO [shopreview:454] reviewsuccess user_id:dbtnghd12 prodnum:1 reviewnum:asd reviewrating:5 date:2022-11-23 03:14:02
[2022-11-23 03:16:40,214] INFO [shopreview:35] reviewsuccess user_id:dbtnghd1234 prodnum:450 reviewnum:3 reviewrating:5 date:2022-11-23 03:16:40
[2022-11-23 03:19:42,671] INFO [shopreview:454] reviewsuccess user_id:dbtnghd12 prodnum:1 reviewnum:asd reviewrating:5 date:2022-11-23 03:19:42
[2022-11-23 03:21:44,904] INFO [shopreview:35] reviewsuccess user_id:dbtnghd1234 prodnum:391 reviewnum:4 reviewrating:5 date:2022-11-23 03:21:44
[2022-11-23 03:33:27,242] INFO [shopreview:454] reviewsuccess user_id:dbtnghd12 prodnum:1 reviewnum:asd reviewrating:5 date:2022-11-23 03:33:27
[2022-11-23 03:34:57,269] INFO [shopreview:35] reviewsuccess user_id:dbtnghd12 prodnum:57 reviewnum:5 reviewrating:5 date:2022-11-23 03:34:57
[2022-11-23 03:41:40,208] INFO [shopreview:454] reviewsuccess user_id:dbtnghd123 prodnum:1 reviewnum:asd reviewrating:5 date:2022-11-23 03:41:40
[2022-11-23 03:43:38,245] INFO [shopreview:35] reviewsuccess user_id:dbtnghd1234 prodnum:535 reviewnum:6 reviewrating:5 date:2022-11-23 03:43:38
[2022-11-23 03:47:38,835] INFO [shopreview:454] reviewsuccess user_id:dbtnghd123 prodnum:1 reviewnum:asd reviewrating:5 date:2022-11-23 03:47:38
[2022-11-23 03:50:29,496] INFO [shopreview:35] reviewsuccess user_id:dbtnghd1234 prodnum:911 reviewnum:7 reviewrating:5 date:2022-11-23 03:50:29
[2022-11-23 04:02:42,817] INFO [shopreview:454] reviewsuccess user_id:dbtnghd12 prodnum:1 reviewnum:asd reviewrating:5 date:2022-11-23 04:02:42
[2022-11-23 04:05:23,848] INFO [shopreview:35] reviewsuccess user_id:dbtnghd1234 prodnum:69 reviewnum:8 reviewrating:5 date:2022-11-23 04:05:23
