[2022-10-05 18:48:50] INFO [shopqna:120] qnasuccess user_id:asdfgh7537 qnanum:1 date:2022-10-05 18:48:50
[2022-10-05 19:02:22] INFO [shopqna:120] qnasuccess user_id:aaa qnanum:2 date:2022-10-05 19:02:22
[2022-10-06 13:30:24] INFO [shopqna:121] qnasuccess user_id:aaa qnanum:3 date:2022-10-06 13:30:24
[2022-10-06 13:30:53] INFO [shopqna:121] qnasuccess user_id:aaa qnanum:4 date:2022-10-06 13:30:53
[2022-10-12 17:42:42] INFO [shopqna:121] qnasuccess user_id:you qnanum:1 date:2022-10-12 17:42:42
[2022-10-12 17:45:13] INFO [shopqna:121] qnasuccess user_id:aaa qnanum:2 date:2022-10-12 17:45:13
[2022-10-14 11:39:45] INFO [shopqna:140] qnasuccess user_id:aaa qnanum:3 date:2022-10-14 11:39:45
[2022-10-19 10:25:08] INFO [shopqna:140] qnasuccess user_id:yang qnanum:4 date:2022-10-19 10:25:08
[2022-10-27 09:21:32] INFO [shopqna:140] qnasuccess user_id:asdfgh1094 qnanum:5 date:2022-10-27 09:21:32
[2022-10-27 10:32:58] INFO [shopqna:140] qnasuccess user_id:ham qnanum:6 date:2022-10-27 10:32:58
[2022-10-27 10:41:42] INFO [shopqna:140] qnasuccess user_id:sixman qnanum:7 date:2022-10-27 10:41:42
[2022-11-23 00:15:18] INFO [shopqna:140] qnasuccess user_id:dbtnghd1234 qnanum:1 date:2022-11-23 00:15:18
[2022-11-23 00:16:09] INFO [shopqna:140] qnasuccess user_id:dbtnghd1234 qnanum:2 date:2022-11-23 00:16:09
[2022-11-23 02:40:51] INFO [shopqna:140] qnasuccess user_id:dbtnghd123 qnanum:3 date:2022-11-23 02:40:51
[2022-11-23 02:49:39] INFO [shopqna:140] qnasuccess user_id:dbtnghd123 qnanum:4 date:2022-11-23 02:49:39
[2022-11-23 03:08:51] INFO [shopqna:140] qnasuccess user_id:dbtnghd123 qnanum:5 date:2022-11-23 03:08:51
[2022-11-23 03:14:41] INFO [shopqna:140] qnasuccess user_id:dbtnghd12 qnanum:6 date:2022-11-23 03:14:41
[2022-11-23 03:20:04] INFO [shopqna:140] qnasuccess user_id:dbtnghd12 qnanum:7 date:2022-11-23 03:20:04
[2022-11-23 03:31:54] INFO [shopqna:140] qnasuccess user_id:dbtnghd1234 qnanum:8 date:2022-11-23 03:31:54
[2022-11-23 03:41:59] INFO [shopqna:140] qnasuccess user_id:dbtnghd123 qnanum:9 date:2022-11-23 03:41:59
[2022-11-23 03:47:59] INFO [shopqna:140] qnasuccess user_id:dbtnghd123 qnanum:10 date:2022-11-23 03:47:59
[2022-11-23 04:03:02] INFO [shopqna:140] qnasuccess user_id:dbtnghd12 qnanum:11 date:2022-11-23 04:03:02
